running egg_info
creating ../../build/perc_assig2/perc_assig2.egg-info
writing ../../build/perc_assig2/perc_assig2.egg-info/PKG-INFO
writing dependency_links to ../../build/perc_assig2/perc_assig2.egg-info/dependency_links.txt
writing entry points to ../../build/perc_assig2/perc_assig2.egg-info/entry_points.txt
writing requirements to ../../build/perc_assig2/perc_assig2.egg-info/requires.txt
writing top-level names to ../../build/perc_assig2/perc_assig2.egg-info/top_level.txt
writing manifest file '../../build/perc_assig2/perc_assig2.egg-info/SOURCES.txt'
reading manifest file '../../build/perc_assig2/perc_assig2.egg-info/SOURCES.txt'
writing manifest file '../../build/perc_assig2/perc_assig2.egg-info/SOURCES.txt'
running build
running build_py
creating /home/arnavv/perception/build/perc_assig2/build
creating /home/arnavv/perception/build/perc_assig2/build/lib
creating /home/arnavv/perception/build/perc_assig2/build/lib/perc_assig2
copying perc_assig2/cp2.py -> /home/arnavv/perception/build/perc_assig2/build/lib/perc_assig2
copying perc_assig2/__init__.py -> /home/arnavv/perception/build/perc_assig2/build/lib/perc_assig2
running install
running install_lib
creating /home/arnavv/perception/install/perc_assig2/lib/python3.10/site-packages/perc_assig2
copying /home/arnavv/perception/build/perc_assig2/build/lib/perc_assig2/cp2.py -> /home/arnavv/perception/install/perc_assig2/lib/python3.10/site-packages/perc_assig2
copying /home/arnavv/perception/build/perc_assig2/build/lib/perc_assig2/__init__.py -> /home/arnavv/perception/install/perc_assig2/lib/python3.10/site-packages/perc_assig2
byte-compiling /home/arnavv/perception/install/perc_assig2/lib/python3.10/site-packages/perc_assig2/cp2.py to cp2.cpython-310.pyc
byte-compiling /home/arnavv/perception/install/perc_assig2/lib/python3.10/site-packages/perc_assig2/__init__.py to __init__.cpython-310.pyc
running install_data
creating /home/arnavv/perception/install/perc_assig2/share/ament_index
creating /home/arnavv/perception/install/perc_assig2/share/ament_index/resource_index
creating /home/arnavv/perception/install/perc_assig2/share/ament_index/resource_index/packages
copying resource/perc_assig2 -> /home/arnavv/perception/install/perc_assig2/share/ament_index/resource_index/packages
copying package.xml -> /home/arnavv/perception/install/perc_assig2/share/perc_assig2
running install_egg_info
Copying ../../build/perc_assig2/perc_assig2.egg-info to /home/arnavv/perception/install/perc_assig2/lib/python3.10/site-packages/perc_assig2-0.0.0-py3.10.egg-info
running install_scripts
Installing cp2 script to /home/arnavv/perception/install/perc_assig2/lib/perc_assig2
writing list of installed files to '/home/arnavv/perception/build/perc_assig2/install.log'
