[2.570s] Invoking command in '/home/arnavv/perception/src/perc_assig2': PYTHONPATH=/home/arnavv/perception/build/perc_assig2/prefix_override:/usr/lib/python3/dist-packages/colcon_core/task/python/colcon_distutils_commands:/home/arnavv/perception/install/perc_assig2/lib/python3.10/site-packages:${PYTHONPATH} /usr/bin/python3 -W ignore:setup.py install is deprecated -W ignore:easy_install command is deprecated setup.py egg_info --egg-base ../../build/perc_assig2 build --build-base /home/arnavv/perception/build/perc_assig2/build install --record /home/arnavv/perception/build/perc_assig2/install.log --single-version-externally-managed install_data
[3.531s] running egg_info
[3.532s] creating ../../build/perc_assig2/perc_assig2.egg-info
[3.532s] writing ../../build/perc_assig2/perc_assig2.egg-info/PKG-INFO
[3.533s] writing dependency_links to ../../build/perc_assig2/perc_assig2.egg-info/dependency_links.txt
[3.533s] writing entry points to ../../build/perc_assig2/perc_assig2.egg-info/entry_points.txt
[3.534s] writing requirements to ../../build/perc_assig2/perc_assig2.egg-info/requires.txt
[3.535s] writing top-level names to ../../build/perc_assig2/perc_assig2.egg-info/top_level.txt
[3.535s] writing manifest file '../../build/perc_assig2/perc_assig2.egg-info/SOURCES.txt'
[3.545s] reading manifest file '../../build/perc_assig2/perc_assig2.egg-info/SOURCES.txt'
[3.547s] writing manifest file '../../build/perc_assig2/perc_assig2.egg-info/SOURCES.txt'
[3.549s] running build
[3.550s] running build_py
[3.551s] creating /home/arnavv/perception/build/perc_assig2/build
[3.552s] creating /home/arnavv/perception/build/perc_assig2/build/lib
[3.552s] creating /home/arnavv/perception/build/perc_assig2/build/lib/perc_assig2
[3.552s] copying perc_assig2/cp2.py -> /home/arnavv/perception/build/perc_assig2/build/lib/perc_assig2
[3.552s] copying perc_assig2/__init__.py -> /home/arnavv/perception/build/perc_assig2/build/lib/perc_assig2
[3.553s] running install
[3.554s] running install_lib
[3.557s] creating /home/arnavv/perception/install/perc_assig2/lib/python3.10/site-packages/perc_assig2
[3.558s] copying /home/arnavv/perception/build/perc_assig2/build/lib/perc_assig2/cp2.py -> /home/arnavv/perception/install/perc_assig2/lib/python3.10/site-packages/perc_assig2
[3.558s] copying /home/arnavv/perception/build/perc_assig2/build/lib/perc_assig2/__init__.py -> /home/arnavv/perception/install/perc_assig2/lib/python3.10/site-packages/perc_assig2
[3.559s] byte-compiling /home/arnavv/perception/install/perc_assig2/lib/python3.10/site-packages/perc_assig2/cp2.py to cp2.cpython-310.pyc
[3.562s] byte-compiling /home/arnavv/perception/install/perc_assig2/lib/python3.10/site-packages/perc_assig2/__init__.py to __init__.cpython-310.pyc
[3.562s] running install_data
[3.562s] creating /home/arnavv/perception/install/perc_assig2/share/ament_index
[3.562s] creating /home/arnavv/perception/install/perc_assig2/share/ament_index/resource_index
[3.562s] creating /home/arnavv/perception/install/perc_assig2/share/ament_index/resource_index/packages
[3.562s] copying resource/perc_assig2 -> /home/arnavv/perception/install/perc_assig2/share/ament_index/resource_index/packages
[3.562s] copying package.xml -> /home/arnavv/perception/install/perc_assig2/share/perc_assig2
[3.562s] running install_egg_info
[3.565s] Copying ../../build/perc_assig2/perc_assig2.egg-info to /home/arnavv/perception/install/perc_assig2/lib/python3.10/site-packages/perc_assig2-0.0.0-py3.10.egg-info
[3.566s] running install_scripts
[3.646s] Installing cp2 script to /home/arnavv/perception/install/perc_assig2/lib/perc_assig2
[3.648s] writing list of installed files to '/home/arnavv/perception/build/perc_assig2/install.log'
[3.813s] Invoked command in '/home/arnavv/perception/src/perc_assig2' returned '0': PYTHONPATH=/home/arnavv/perception/build/perc_assig2/prefix_override:/usr/lib/python3/dist-packages/colcon_core/task/python/colcon_distutils_commands:/home/arnavv/perception/install/perc_assig2/lib/python3.10/site-packages:${PYTHONPATH} /usr/bin/python3 -W ignore:setup.py install is deprecated -W ignore:easy_install command is deprecated setup.py egg_info --egg-base ../../build/perc_assig2 build --build-base /home/arnavv/perception/build/perc_assig2/build install --record /home/arnavv/perception/build/perc_assig2/install.log --single-version-externally-managed install_data
